
========================================
[EMAIL SIMULE] Envoyé le : 2026-06-23T08:36:26.956Z
Destinataire : azizlatrache5@gmail.com
Sujet        : Félicitations ! Vous avez gagné avec Griffin Store 🎁
Objet Gagné  : 5% de réduction
Code Coupon  : SPIN-5REDUC-TAGY2X
----------------------------------------
Message brut : Félicitations ! Vous avez gagné "5% de réduction" chez Griffin Store. Votre code coupon unique : SPIN-5REDUC-TAGY2X
========================================

========================================
[EMAIL LOCAL LOG] Envoyé le : 2026-06-23T08:42:11.794Z
Destinataire : azizlatrache5@gmail.com
Sujet        : Félicitations ! Vous avez gagné avec Griffin Store 🎁
Gain         : 5% de réduction
Code Coupon  : SPIN-5REDUC-AWGY75
----------------------------------------
Message brut : Félicitations ! Vous avez gagné "5% de réduction" chez Griffin Store. Votre code coupon unique : SPIN-5REDUC-AWGY75
========================================

========================================
[EMAIL ETHEREAL] Envoyé le : 2026-06-23T08:47:07.854Z
Destinataire : azizlatrache5@gmail.com
Sujet        : Félicitations ! Vous avez gagné avec Griffin Store 🎁
Gain         : 50% de réduction sur 3ème achat
Code Coupon  : SPIN-50REDUC-5PNWOZ
Lien d'aperçu : https://ethereal.email/message/ajpGyqtu2Pi77yEfajpIB4tyfEwQZ1h3AAAAAd-uO58LtDf16rbvd8cX2Hc
========================================

========================================
[CODE VERIFICATION - ETHEREAL] Envoyé le : 2026-06-23T08:59:10.696Z
Destinataire  : test_verify@example.com
Code envoyé   : 881587
Lien d'aperçu : https://ethereal.email/message/ajpK06tu2Pi775koajpK2otyfEwQZ1ucAAAAAapMV4nC9OMmSesJ-2eNoH0
========================================

========================================
[CODE VERIFICATION - ETHEREAL] Envoyé le : 2026-06-23T09:03:14.596Z
Destinataire  : test_new_email@example.com
Code envoyé   : 773245
Lien d'aperçu : https://ethereal.email/message/ajpLuKtu2Pi777mRajpLzkaRd.PIHsLZAAAAAZJHXDsD.BbjnF1cQi4Za9Q
========================================

========================================
[CODE VERIFICATION - LOCAL] Envoyé le : 2026-06-23T09:03:18.845Z
Destinataire : zaaaa@gmail.com
Code envoyé  : 823194
========================================

========================================
[CODE VERIFICATION - LOCAL] Envoyé le : 2026-06-23T09:04:14.276Z
Destinataire : zaaaa@gmail.com
Code envoyé  : 825771
========================================
